This file contains any messages produced by compilers while
running configure, to aid debugging if configure makes a mistake.

It was created by netCDF configure 3.6.3, which was
generated by GNU Autoconf 2.62.  Invocation command line was

  $ ./configure --enable-c-only --prefix=/lfs/h1/emc/eib/noscrub/Eric.Rogers/nam.v4.2.0/util/sorc/wgrib2_v2.0.7a/sorc/wgrib2_v2.0.7a

## --------- ##
## Platform. ##
## --------- ##

hostname = alogin01
uname -m = x86_64
uname -r = 5.3.18-22-default
uname -s = Linux
uname -v = #1 SMP Wed Jun 3 12:16:43 UTC 2020 (720aeba)

/usr/bin/uname -p = x86_64
/bin/uname -X     = unknown

/bin/arch              = x86_64
/usr/bin/arch -k       = unknown
/usr/convex/getsysinfo = unknown
/usr/bin/hostinfo      = unknown
/bin/machine           = unknown
/usr/bin/oslevel       = unknown
/bin/universe          = unknown

PATH: /apps/ops/prod/nco/packages/prod_util.v2.0.4/ush
PATH: /apps/prod/netcdf/4.7.4/intel/19.1.3.304/bin
PATH: /apps/spack/jasper/2.0.16/intel/19.1.3.304/lxw7cr2vezrtua7w6wjttquoapdnk4py/bin
PATH: /apps/ops/prod/libs/intel/19.1.3.304/cray-mpich/8.1.4/nemsio/2.5.2/bin
PATH: /apps/spack/libpng/1.6.37/intel/19.1.3.304/4ohkronuhlyherusoszzrmur5ewvlwzh/bin
PATH: /apps/ops/prod/libs/intel/19.1.3.304/cray-mpich/8.1.4/wgrib2/2.0.8/bin
PATH: /apps/spack/libjpeg/9c/intel/19.1.3.304/jkr3isi257ktoouprwaxcn4twtye747z/bin
PATH: /apps/ops/prod/libs/intel/19.1.3.304/grib_util/1.2.2/bin
PATH: /opt/cray/libfabric/1.11.0.3.8/bin
PATH: /opt/cray/pe/craype/2.7.6/bin
PATH: /opt/cray/pe/perftools/21.02.0/bin
PATH: /opt/cray/pe/papi/6.0.0.6/bin
PATH: /apps/prod/intel/compilers_and_libraries_2020.4.304/linux/bin/intel64
PATH: /apps/prod/intel/compilers_and_libraries_2020.4.304/linux/bin
PATH: /apps/prod/intel/compilers_and_libraries_2020.4.304/linux/mpi/intel64/bin
PATH: /apps/prod/intel/debugger_2020/gdb/intel64/bin
PATH: /opt/clmgr/sbin
PATH: /opt/clmgr/bin
PATH: /opt/sgi/sbin
PATH: /opt/sgi/bin
PATH: /usr/local/bin
PATH: /usr/bin
PATH: /bin
PATH: /opt/c3/bin
PATH: /usr/lib/mit/bin
PATH: /usr/lib/mit/sbin
PATH: /opt/pbs/bin
PATH: /sbin
PATH: /apps/prod/hpss/bin
PATH: .
PATH: /u/Eric.Rogers/bin
PATH: /usr/sbin
PATH: /opt/cray/pe/bin


## ----------- ##
## Core tests. ##
## ----------- ##

configure:2200: netCDF 3.6.3
configure:2241: checking build system type
configure:2259: result: x86_64-unknown-linux-gnu
configure:2281: checking host system type
configure:2296: result: x86_64-unknown-linux-gnu
configure:2343: checking for a BSD-compatible install
configure:2411: result: /usr/bin/install -c
configure:2422: checking whether build environment is sane

## ---------------- ##
## Cache variables. ##
## ---------------- ##

ac_cv_build=x86_64-unknown-linux-gnu
ac_cv_env_CCC_set=
ac_cv_env_CCC_value=
ac_cv_env_CC_set=set
ac_cv_env_CC_value=cc
ac_cv_env_CFLAGS_set=
ac_cv_env_CFLAGS_value=
ac_cv_env_CPPFLAGS_set=set
ac_cv_env_CPPFLAGS_value=' -I/lfs/h1/emc/eib/noscrub/Eric.Rogers/nam.v4.2.0/util/sorc/wgrib2_v2.0.7a/sorc/wgrib2_v2.0.7a/include -O2'
ac_cv_env_CPP_set=
ac_cv_env_CPP_value=
ac_cv_env_CXXCPP_set=
ac_cv_env_CXXCPP_value=
ac_cv_env_CXXFLAGS_set=
ac_cv_env_CXXFLAGS_value=
ac_cv_env_CXX_set=
ac_cv_env_CXX_value=
ac_cv_env_F77_set=
ac_cv_env_F77_value=
ac_cv_env_FCFLAGS_set=
ac_cv_env_FCFLAGS_value=
ac_cv_env_FC_set=set
ac_cv_env_FC_value=ftn
ac_cv_env_FFLAGS_set=
ac_cv_env_FFLAGS_value=
ac_cv_env_LDFLAGS_set=
ac_cv_env_LDFLAGS_value=
ac_cv_env_LIBS_set=
ac_cv_env_LIBS_value=
ac_cv_env_build_alias_set=
ac_cv_env_build_alias_value=
ac_cv_env_host_alias_set=
ac_cv_env_host_alias_value=
ac_cv_env_target_alias_set=
ac_cv_env_target_alias_value=
ac_cv_host=x86_64-unknown-linux-gnu
ac_cv_path_install='/usr/bin/install -c'

## ----------------- ##
## Output variables. ##
## ----------------- ##

ACLOCAL=''
ALLOCA=''
AMDEPBACKSLASH=''
AMDEP_FALSE=''
AMDEP_TRUE=''
AMTAR=''
AR=''
AS=''
AUTOCONF=''
AUTOHEADER=''
AUTOMAKE=''
AWK=''
BINFILE_NAME=''
BUILD_BENCHMARKS_FALSE=''
BUILD_BENCHMARKS_TRUE=''
BUILD_CXX4_FALSE=''
BUILD_CXX4_TRUE=''
BUILD_CXX_FALSE=''
BUILD_CXX_TRUE=''
BUILD_C_FALSE=''
BUILD_C_TRUE=''
BUILD_DAP_FALSE=''
BUILD_DAP_TRUE=''
BUILD_DLL_FALSE=''
BUILD_DLL_TRUE=''
BUILD_EXAMPLES_FALSE=''
BUILD_EXAMPLES_TRUE=''
BUILD_F77_FALSE=''
BUILD_F77_TRUE=''
BUILD_F90_FALSE=''
BUILD_F90_TRUE=''
BUILD_SEPARATE_FORTRAN_FALSE=''
BUILD_SEPARATE_FORTRAN_TRUE=''
BUILD_SHARED_FALSE=''
BUILD_SHARED_TRUE=''
BUILD_UTILITIES_FALSE=''
BUILD_UTILITIES_TRUE=''
BUILD_V2_FALSE=''
BUILD_V2_TRUE=''
CC='cc'
CCDEPMODE=''
CFLAGS=''
CPP=''
CPPFLAGS=' -I/lfs/h1/emc/eib/noscrub/Eric.Rogers/nam.v4.2.0/util/sorc/wgrib2_v2.0.7a/sorc/wgrib2_v2.0.7a/include -O2'
CXX=''
CXXCPP=''
CXXDEPMODE=''
CXXFLAGS=''
CYGPATH_W=''
DEFS=''
DEPDIR=''
DLLTOOL=''
DSYMUTIL=''
DUMPBIN=''
ECHO_C=''
ECHO_N='-n'
ECHO_T=''
EGREP=''
EXEEXT=''
EXTRA_EXAMPLE_TESTS_FALSE=''
EXTRA_EXAMPLE_TESTS_TRUE=''
EXTRA_TESTS_FALSE=''
EXTRA_TESTS_TRUE=''
F77=''
FC='ftn'
FCFLAGS=''
FCFLAGS_f90=''
FFLAGS=''
FGREP=''
FTPBINDIR=''
GREP=''
INSTALL_DATA='${INSTALL} -m 644'
INSTALL_DOCS_FALSE=''
INSTALL_DOCS_TRUE=''
INSTALL_PROGRAM='${INSTALL}'
INSTALL_SCRIPT='${INSTALL}'
INSTALL_STRIP_PROGRAM=''
LARGE_FILE_TESTS_FALSE=''
LARGE_FILE_TESTS_TRUE=''
LD=''
LDFLAGS=''
LEX=''
LEXLIB=''
LEX_OUTPUT_ROOT=''
LIBOBJS=''
LIBS=''
LIBTOOL=''
LN_S=''
LTLIBOBJS=''
MAKEINFO=''
MAKEWHATIS_CMD=''
MKDIR_P=''
MOD_FLAG=''
NETCDF_C_LIB=''
NM=''
NMEDIT=''
NMFLAGS=''
OBJDUMP=''
OBJEXT=''
PACKAGE=''
PACKAGE_BUGREPORT='support@unidata.ucar.edu'
PACKAGE_NAME='netCDF'
PACKAGE_STRING='netCDF 3.6.3'
PACKAGE_TARNAME='netcdf'
PACKAGE_VERSION='3.6.3'
PATH_SEPARATOR=':'
RANLIB=''
SED=''
SET_MAKE=''
SHAREEXT=''
SHELL='/bin/sh'
STRIP=''
TEST_F77_FALSE=''
TEST_F77_TRUE=''
TEST_PARALLEL_FALSE=''
TEST_PARALLEL_TRUE=''
UPPER_CASE_MOD_FALSE=''
UPPER_CASE_MOD_TRUE=''
USE_C99_TYPES_FALSE=''
USE_C99_TYPES_TRUE=''
USE_FFIO_FALSE=''
USE_FFIO_TRUE=''
USE_HDF5_DIR_FALSE=''
USE_HDF5_DIR_TRUE=''
USE_LOGGING_FALSE=''
USE_LOGGING_TRUE=''
USE_NETCDF4_FALSE=''
USE_NETCDF4_TRUE=''
USE_NETCDF_C_LIB_DIR_FALSE=''
USE_NETCDF_C_LIB_DIR_TRUE=''
USE_RENAMEV3_FALSE=''
USE_RENAMEV3_TRUE=''
USE_SZLIB_DIR_FALSE=''
USE_SZLIB_DIR_TRUE=''
USE_ZLIB_DIR_FALSE=''
USE_ZLIB_DIR_TRUE=''
VERSION=''
WHATIS=''
ac_ct_CC=''
ac_ct_CXX=''
ac_ct_DUMPBIN=''
ac_ct_F77=''
ac_ct_FC=''
am__fastdepCC_FALSE=''
am__fastdepCC_TRUE=''
am__fastdepCXX_FALSE=''
am__fastdepCXX_TRUE=''
am__include=''
am__isrc=''
am__leading_dot=''
am__quote=''
am__tar=''
am__untar=''
bindir='${exec_prefix}/bin'
build='x86_64-unknown-linux-gnu'
build_alias=''
build_cpu='x86_64'
build_os='linux-gnu'
build_vendor='unknown'
datadir='${datarootdir}'
datarootdir='${prefix}/share'
docdir='${datarootdir}/doc/${PACKAGE_TARNAME}'
dvidir='${docdir}'
exec_prefix='NONE'
host='x86_64-unknown-linux-gnu'
host_alias=''
host_cpu='x86_64'
host_os='linux-gnu'
host_vendor='unknown'
htmldir='${docdir}'
includedir='${prefix}/include'
infodir='${datarootdir}/info'
install_sh=''
libdir='${exec_prefix}/lib'
libexecdir='${exec_prefix}/libexec'
localedir='${datarootdir}/locale'
localstatedir='${prefix}/var'
lt_ECHO='echo'
mandir='${datarootdir}/man'
mkdir_p=''
oldincludedir='/usr/include'
pdfdir='${docdir}'
prefix='/lfs/h1/emc/eib/noscrub/Eric.Rogers/nam.v4.2.0/util/sorc/wgrib2_v2.0.7a/sorc/wgrib2_v2.0.7a'
prog=''
program_transform_name='s,x,x,'
psdir='${docdir}'
sbindir='${exec_prefix}/sbin'
sharedstatedir='${prefix}/com'
sysconfdir='${prefix}/etc'
target_alias=''

## ----------- ##
## confdefs.h. ##
## ----------- ##

#define PACKAGE_NAME "netCDF"
#define PACKAGE_TARNAME "netcdf"
#define PACKAGE_VERSION "3.6.3"
#define PACKAGE_STRING "netCDF 3.6.3"
#define PACKAGE_BUGREPORT "support@unidata.ucar.edu"

configure: caught signal 2
configure: exit 1
