--------------------
./configure --prefix=/lfs/h1/emc/eib/noscrub/Eric.Rogers/nam.v4.2.0/util/sorc/wgrib2_v2.0.7a/sorc/wgrib2_v2.0.7a --static
Wed Jul 21 21:08:49 UTC 2021
=== ztest228777.c ===
extern int getchar();
int hello() {return getchar();}
===
cc -c ztest228777.c
... using gcc

Checking for obsessive-compulsive compiler options...
=== ztest228777.c ===
int foo() { return 0; }
===
cc -c -I/lfs/h1/emc/eib/noscrub/Eric.Rogers/nam.v4.2.0/util/sorc/wgrib2_v2.0.7a/sorc/wgrib2_v2.0.7a/include -O2 -DIFORT -cxxlib -qopenmp -I/lfs/h1/emc/eib/noscrub/Eric.Rogers/nam.v4.2.0/util/sorc/wgrib2_v2.0.7a/sorc/wgrib2_v2.0.7a/jasper-1.900.1/src/libjasper/include ztest228777.c

Building static library libz.a version 1.2.11 with cc.

=== ztest228777.c ===
#include <stdio.h>
#include <stdlib.h>
size_t dummy = 0;
===
cc -c -I/lfs/h1/emc/eib/noscrub/Eric.Rogers/nam.v4.2.0/util/sorc/wgrib2_v2.0.7a/sorc/wgrib2_v2.0.7a/include -O2 -DIFORT -cxxlib -qopenmp -I/lfs/h1/emc/eib/noscrub/Eric.Rogers/nam.v4.2.0/util/sorc/wgrib2_v2.0.7a/sorc/wgrib2_v2.0.7a/jasper-1.900.1/src/libjasper/include ztest228777.c
Checking for size_t... Yes.


=== ztest228777.c ===
#include <sys/types.h>
off64_t dummy = 0;
===
cc -c -I/lfs/h1/emc/eib/noscrub/Eric.Rogers/nam.v4.2.0/util/sorc/wgrib2_v2.0.7a/sorc/wgrib2_v2.0.7a/include -O2 -DIFORT -cxxlib -qopenmp -I/lfs/h1/emc/eib/noscrub/Eric.Rogers/nam.v4.2.0/util/sorc/wgrib2_v2.0.7a/sorc/wgrib2_v2.0.7a/jasper-1.900.1/src/libjasper/include -D_LARGEFILE64_SOURCE=1 ztest228777.c
Checking for off64_t... Yes.
Checking for fseeko... Yes.

=== ztest228777.c ===
#include <string.h>
#include <errno.h>
int main() { return strlen(strerror(errno)); }
===
cc -I/lfs/h1/emc/eib/noscrub/Eric.Rogers/nam.v4.2.0/util/sorc/wgrib2_v2.0.7a/sorc/wgrib2_v2.0.7a/include -O2 -DIFORT -cxxlib -qopenmp -I/lfs/h1/emc/eib/noscrub/Eric.Rogers/nam.v4.2.0/util/sorc/wgrib2_v2.0.7a/sorc/wgrib2_v2.0.7a/jasper-1.900.1/src/libjasper/include -D_LARGEFILE64_SOURCE=1 -o ztest228777 ztest228777.c
Checking for strerror... Yes.

=== ztest228777.c ===
#include <unistd.h>
int main() { return 0; }
===
cc -c -I/lfs/h1/emc/eib/noscrub/Eric.Rogers/nam.v4.2.0/util/sorc/wgrib2_v2.0.7a/sorc/wgrib2_v2.0.7a/include -O2 -DIFORT -cxxlib -qopenmp -I/lfs/h1/emc/eib/noscrub/Eric.Rogers/nam.v4.2.0/util/sorc/wgrib2_v2.0.7a/sorc/wgrib2_v2.0.7a/jasper-1.900.1/src/libjasper/include -D_LARGEFILE64_SOURCE=1 ztest228777.c
Checking for unistd.h... Yes.

=== ztest228777.c ===
#include <stdarg.h>
int main() { return 0; }
===
cc -c -I/lfs/h1/emc/eib/noscrub/Eric.Rogers/nam.v4.2.0/util/sorc/wgrib2_v2.0.7a/sorc/wgrib2_v2.0.7a/include -O2 -DIFORT -cxxlib -qopenmp -I/lfs/h1/emc/eib/noscrub/Eric.Rogers/nam.v4.2.0/util/sorc/wgrib2_v2.0.7a/sorc/wgrib2_v2.0.7a/jasper-1.900.1/src/libjasper/include -D_LARGEFILE64_SOURCE=1 ztest228777.c
Checking for stdarg.h... Yes.

=== ztest228777.c ===
#include <stdio.h>
#include <stdarg.h>
#include "zconf.h"
int main()
{
#ifndef STDC
  choke me
#endif
  return 0;
}
===
cc -c -I/lfs/h1/emc/eib/noscrub/Eric.Rogers/nam.v4.2.0/util/sorc/wgrib2_v2.0.7a/sorc/wgrib2_v2.0.7a/include -O2 -DIFORT -cxxlib -qopenmp -I/lfs/h1/emc/eib/noscrub/Eric.Rogers/nam.v4.2.0/util/sorc/wgrib2_v2.0.7a/sorc/wgrib2_v2.0.7a/jasper-1.900.1/src/libjasper/include -D_LARGEFILE64_SOURCE=1 ztest228777.c
Checking whether to use vs[n]printf() or s[n]printf()... using vs[n]printf().

=== ztest228777.c ===
#include <stdio.h>
#include <stdarg.h>
int mytest(const char *fmt, ...)
{
  char buf[20];
  va_list ap;
  va_start(ap, fmt);
  vsnprintf(buf, sizeof(buf), fmt, ap);
  va_end(ap);
  return 0;
}
int main()
{
  return (mytest("Hello%d\n", 1));
}
===
cc -I/lfs/h1/emc/eib/noscrub/Eric.Rogers/nam.v4.2.0/util/sorc/wgrib2_v2.0.7a/sorc/wgrib2_v2.0.7a/include -O2 -DIFORT -cxxlib -qopenmp -I/lfs/h1/emc/eib/noscrub/Eric.Rogers/nam.v4.2.0/util/sorc/wgrib2_v2.0.7a/sorc/wgrib2_v2.0.7a/jasper-1.900.1/src/libjasper/include -D_LARGEFILE64_SOURCE=1 -o ztest228777 ztest228777.c
Checking for vsnprintf() in stdio.h... Yes.

=== ztest228777.c ===
#include <stdio.h>
#include <stdarg.h>
int mytest(const char *fmt, ...)
{
  int n;
  char buf[20];
  va_list ap;
  va_start(ap, fmt);
  n = vsnprintf(buf, sizeof(buf), fmt, ap);
  va_end(ap);
  return n;
}
int main()
{
  return (mytest("Hello%d\n", 1));
}
===
cc -c -I/lfs/h1/emc/eib/noscrub/Eric.Rogers/nam.v4.2.0/util/sorc/wgrib2_v2.0.7a/sorc/wgrib2_v2.0.7a/include -O2 -DIFORT -cxxlib -qopenmp -I/lfs/h1/emc/eib/noscrub/Eric.Rogers/nam.v4.2.0/util/sorc/wgrib2_v2.0.7a/sorc/wgrib2_v2.0.7a/jasper-1.900.1/src/libjasper/include -D_LARGEFILE64_SOURCE=1 ztest228777.c
Checking for return value of vsnprintf()... Yes.

=== ztest228777.c ===
#define ZLIB_INTERNAL __attribute__((visibility ("hidden")))
int ZLIB_INTERNAL foo;
int main()
{
  return 0;
}
===
cc -c -I/lfs/h1/emc/eib/noscrub/Eric.Rogers/nam.v4.2.0/util/sorc/wgrib2_v2.0.7a/sorc/wgrib2_v2.0.7a/include -O2 -DIFORT -cxxlib -qopenmp -I/lfs/h1/emc/eib/noscrub/Eric.Rogers/nam.v4.2.0/util/sorc/wgrib2_v2.0.7a/sorc/wgrib2_v2.0.7a/jasper-1.900.1/src/libjasper/include -D_LARGEFILE64_SOURCE=1 ztest228777.c
Checking for attribute(visibility) support... Yes.

ALL = static all64
AR = ar
ARFLAGS = rc
CC = cc
CFLAGS = -I/lfs/h1/emc/eib/noscrub/Eric.Rogers/nam.v4.2.0/util/sorc/wgrib2_v2.0.7a/sorc/wgrib2_v2.0.7a/include -O2 -DIFORT -cxxlib -qopenmp -I/lfs/h1/emc/eib/noscrub/Eric.Rogers/nam.v4.2.0/util/sorc/wgrib2_v2.0.7a/sorc/wgrib2_v2.0.7a/jasper-1.900.1/src/libjasper/include -D_LARGEFILE64_SOURCE=1 -DHAVE_HIDDEN
CPP = cc -E
EXE =
LDCONFIG = ldconfig
LDFLAGS =
LDSHARED = cc
LDSHAREDLIBC = -lc
OBJC = $(OBJZ) $(OBJG)
PIC_OBJC = $(PIC_OBJZ) $(PIC_OBJG)
RANLIB = ranlib
SFLAGS = -I/lfs/h1/emc/eib/noscrub/Eric.Rogers/nam.v4.2.0/util/sorc/wgrib2_v2.0.7a/sorc/wgrib2_v2.0.7a/include -O2 -DIFORT -cxxlib -qopenmp -I/lfs/h1/emc/eib/noscrub/Eric.Rogers/nam.v4.2.0/util/sorc/wgrib2_v2.0.7a/sorc/wgrib2_v2.0.7a/jasper-1.900.1/src/libjasper/include -fPIC -D_LARGEFILE64_SOURCE=1 -DHAVE_HIDDEN
SHAREDLIB =
SHAREDLIBM =
SHAREDLIBV =
STATICLIB = libz.a
TEST = all teststatic test64
VER = 1.2.11
Z_U4 =
SRCDIR =
exec_prefix = ${prefix}
includedir = ${prefix}/include
libdir = ${exec_prefix}/lib
mandir = ${prefix}/share/man
prefix = /lfs/h1/emc/eib/noscrub/Eric.Rogers/nam.v4.2.0/util/sorc/wgrib2_v2.0.7a/sorc/wgrib2_v2.0.7a
sharedlibdir = ${libdir}
uname = Linux
--------------------


--------------------
./configure --prefix=/lfs/h1/emc/eib/noscrub/Eric.Rogers/nam.v4.2.0/util/sorc/wgrib2_v2.0.7a/sorc/wgrib2_v2.0.7a --static
Wed Jul 21 21:12:44 UTC 2021
=== ztest15326.c ===
extern int getchar();
int hello() {return getchar();}
===
cc -c ztest15326.c
... using gcc

Checking for obsessive-compulsive compiler options...
=== ztest15326.c ===
int foo() { return 0; }
===
cc -c -I/lfs/h1/emc/eib/noscrub/Eric.Rogers/nam.v4.2.0/util/sorc/wgrib2_v2.0.7a/sorc/wgrib2_v2.0.7a/include -O2 -DIFORT -cxxlib -qopenmp -I/lfs/h1/emc/eib/noscrub/Eric.Rogers/nam.v4.2.0/util/sorc/wgrib2_v2.0.7a/sorc/wgrib2_v2.0.7a/jasper-1.900.1/src/libjasper/include ztest15326.c

Building static library libz.a version 1.2.11 with cc.

=== ztest15326.c ===
#include <stdio.h>
#include <stdlib.h>
size_t dummy = 0;
===
cc -c -I/lfs/h1/emc/eib/noscrub/Eric.Rogers/nam.v4.2.0/util/sorc/wgrib2_v2.0.7a/sorc/wgrib2_v2.0.7a/include -O2 -DIFORT -cxxlib -qopenmp -I/lfs/h1/emc/eib/noscrub/Eric.Rogers/nam.v4.2.0/util/sorc/wgrib2_v2.0.7a/sorc/wgrib2_v2.0.7a/jasper-1.900.1/src/libjasper/include ztest15326.c
Checking for size_t... Yes.


=== ztest15326.c ===
#include <sys/types.h>
off64_t dummy = 0;
===
cc -c -I/lfs/h1/emc/eib/noscrub/Eric.Rogers/nam.v4.2.0/util/sorc/wgrib2_v2.0.7a/sorc/wgrib2_v2.0.7a/include -O2 -DIFORT -cxxlib -qopenmp -I/lfs/h1/emc/eib/noscrub/Eric.Rogers/nam.v4.2.0/util/sorc/wgrib2_v2.0.7a/sorc/wgrib2_v2.0.7a/jasper-1.900.1/src/libjasper/include -D_LARGEFILE64_SOURCE=1 ztest15326.c
Checking for off64_t... Yes.
Checking for fseeko... Yes.

=== ztest15326.c ===
#include <string.h>
#include <errno.h>
int main() { return strlen(strerror(errno)); }
===
cc -I/lfs/h1/emc/eib/noscrub/Eric.Rogers/nam.v4.2.0/util/sorc/wgrib2_v2.0.7a/sorc/wgrib2_v2.0.7a/include -O2 -DIFORT -cxxlib -qopenmp -I/lfs/h1/emc/eib/noscrub/Eric.Rogers/nam.v4.2.0/util/sorc/wgrib2_v2.0.7a/sorc/wgrib2_v2.0.7a/jasper-1.900.1/src/libjasper/include -D_LARGEFILE64_SOURCE=1 -o ztest15326 ztest15326.c
Checking for strerror... Yes.

=== ztest15326.c ===
#include <unistd.h>
int main() { return 0; }
===
cc -c -I/lfs/h1/emc/eib/noscrub/Eric.Rogers/nam.v4.2.0/util/sorc/wgrib2_v2.0.7a/sorc/wgrib2_v2.0.7a/include -O2 -DIFORT -cxxlib -qopenmp -I/lfs/h1/emc/eib/noscrub/Eric.Rogers/nam.v4.2.0/util/sorc/wgrib2_v2.0.7a/sorc/wgrib2_v2.0.7a/jasper-1.900.1/src/libjasper/include -D_LARGEFILE64_SOURCE=1 ztest15326.c
Checking for unistd.h... Yes.

=== ztest15326.c ===
#include <stdarg.h>
int main() { return 0; }
===
cc -c -I/lfs/h1/emc/eib/noscrub/Eric.Rogers/nam.v4.2.0/util/sorc/wgrib2_v2.0.7a/sorc/wgrib2_v2.0.7a/include -O2 -DIFORT -cxxlib -qopenmp -I/lfs/h1/emc/eib/noscrub/Eric.Rogers/nam.v4.2.0/util/sorc/wgrib2_v2.0.7a/sorc/wgrib2_v2.0.7a/jasper-1.900.1/src/libjasper/include -D_LARGEFILE64_SOURCE=1 ztest15326.c
Checking for stdarg.h... Yes.

=== ztest15326.c ===
#include <stdio.h>
#include <stdarg.h>
#include "zconf.h"
int main()
{
#ifndef STDC
  choke me
#endif
  return 0;
}
===
cc -c -I/lfs/h1/emc/eib/noscrub/Eric.Rogers/nam.v4.2.0/util/sorc/wgrib2_v2.0.7a/sorc/wgrib2_v2.0.7a/include -O2 -DIFORT -cxxlib -qopenmp -I/lfs/h1/emc/eib/noscrub/Eric.Rogers/nam.v4.2.0/util/sorc/wgrib2_v2.0.7a/sorc/wgrib2_v2.0.7a/jasper-1.900.1/src/libjasper/include -D_LARGEFILE64_SOURCE=1 ztest15326.c
Checking whether to use vs[n]printf() or s[n]printf()... using vs[n]printf().

=== ztest15326.c ===
#include <stdio.h>
#include <stdarg.h>
int mytest(const char *fmt, ...)
{
  char buf[20];
  va_list ap;
  va_start(ap, fmt);
  vsnprintf(buf, sizeof(buf), fmt, ap);
  va_end(ap);
  return 0;
}
int main()
{
  return (mytest("Hello%d\n", 1));
}
===
cc -I/lfs/h1/emc/eib/noscrub/Eric.Rogers/nam.v4.2.0/util/sorc/wgrib2_v2.0.7a/sorc/wgrib2_v2.0.7a/include -O2 -DIFORT -cxxlib -qopenmp -I/lfs/h1/emc/eib/noscrub/Eric.Rogers/nam.v4.2.0/util/sorc/wgrib2_v2.0.7a/sorc/wgrib2_v2.0.7a/jasper-1.900.1/src/libjasper/include -D_LARGEFILE64_SOURCE=1 -o ztest15326 ztest15326.c
Checking for vsnprintf() in stdio.h... Yes.

=== ztest15326.c ===
#include <stdio.h>
#include <stdarg.h>
int mytest(const char *fmt, ...)
{
  int n;
  char buf[20];
  va_list ap;
  va_start(ap, fmt);
  n = vsnprintf(buf, sizeof(buf), fmt, ap);
  va_end(ap);
  return n;
}
int main()
{
  return (mytest("Hello%d\n", 1));
}
===
cc -c -I/lfs/h1/emc/eib/noscrub/Eric.Rogers/nam.v4.2.0/util/sorc/wgrib2_v2.0.7a/sorc/wgrib2_v2.0.7a/include -O2 -DIFORT -cxxlib -qopenmp -I/lfs/h1/emc/eib/noscrub/Eric.Rogers/nam.v4.2.0/util/sorc/wgrib2_v2.0.7a/sorc/wgrib2_v2.0.7a/jasper-1.900.1/src/libjasper/include -D_LARGEFILE64_SOURCE=1 ztest15326.c
Checking for return value of vsnprintf()... Yes.

=== ztest15326.c ===
#define ZLIB_INTERNAL __attribute__((visibility ("hidden")))
int ZLIB_INTERNAL foo;
int main()
{
  return 0;
}
===
cc -c -I/lfs/h1/emc/eib/noscrub/Eric.Rogers/nam.v4.2.0/util/sorc/wgrib2_v2.0.7a/sorc/wgrib2_v2.0.7a/include -O2 -DIFORT -cxxlib -qopenmp -I/lfs/h1/emc/eib/noscrub/Eric.Rogers/nam.v4.2.0/util/sorc/wgrib2_v2.0.7a/sorc/wgrib2_v2.0.7a/jasper-1.900.1/src/libjasper/include -D_LARGEFILE64_SOURCE=1 ztest15326.c
Checking for attribute(visibility) support... Yes.

ALL = static all64
AR = ar
ARFLAGS = rc
CC = cc
CFLAGS = -I/lfs/h1/emc/eib/noscrub/Eric.Rogers/nam.v4.2.0/util/sorc/wgrib2_v2.0.7a/sorc/wgrib2_v2.0.7a/include -O2 -DIFORT -cxxlib -qopenmp -I/lfs/h1/emc/eib/noscrub/Eric.Rogers/nam.v4.2.0/util/sorc/wgrib2_v2.0.7a/sorc/wgrib2_v2.0.7a/jasper-1.900.1/src/libjasper/include -D_LARGEFILE64_SOURCE=1 -DHAVE_HIDDEN
CPP = cc -E
EXE =
LDCONFIG = ldconfig
LDFLAGS =
LDSHARED = cc
LDSHAREDLIBC = -lc
OBJC = $(OBJZ) $(OBJG)
PIC_OBJC = $(PIC_OBJZ) $(PIC_OBJG)
RANLIB = ranlib
SFLAGS = -I/lfs/h1/emc/eib/noscrub/Eric.Rogers/nam.v4.2.0/util/sorc/wgrib2_v2.0.7a/sorc/wgrib2_v2.0.7a/include -O2 -DIFORT -cxxlib -qopenmp -I/lfs/h1/emc/eib/noscrub/Eric.Rogers/nam.v4.2.0/util/sorc/wgrib2_v2.0.7a/sorc/wgrib2_v2.0.7a/jasper-1.900.1/src/libjasper/include -fPIC -D_LARGEFILE64_SOURCE=1 -DHAVE_HIDDEN
SHAREDLIB =
SHAREDLIBM =
SHAREDLIBV =
STATICLIB = libz.a
TEST = all teststatic test64
VER = 1.2.11
Z_U4 =
SRCDIR =
exec_prefix = ${prefix}
includedir = ${prefix}/include
libdir = ${exec_prefix}/lib
mandir = ${prefix}/share/man
prefix = /lfs/h1/emc/eib/noscrub/Eric.Rogers/nam.v4.2.0/util/sorc/wgrib2_v2.0.7a/sorc/wgrib2_v2.0.7a
sharedlibdir = ${libdir}
uname = Linux
--------------------


